<?xml version="1.0" encoding="UTF-8"?>
<testng-results skipped="0" failed="0" ignored="1" total="2" passed="1">
  <reporter-output>
  </reporter-output>
  <suite name="Suite" duration-ms="5489" started-at="2021-06-27T04:10:04 UTC" finished-at="2021-06-27T04:10:10 UTC">
    <groups>
    </groups>
    <test name="Test" duration-ms="5489" started-at="2021-06-27T04:10:04 UTC" finished-at="2021-06-27T04:10:10 UTC">
      <class name="test.LoginTest">
        <test-method status="PASS" signature="setup()[pri:0, instance:test.LoginTest@578486a3]" name="setup" is-config="true" duration-ms="2567" started-at="2021-06-27T04:10:04 UTC" finished-at="2021-06-27T04:10:07 UTC">
          <reporter-output>
          </reporter-output>
        </test-method> <!-- setup -->
        <test-method status="PASS" signature="LoginTestCase2()[pri:0, instance:test.LoginTest@578486a3]" name="LoginTestCase2" duration-ms="2585" started-at="2021-06-27T04:10:07 UTC" finished-at="2021-06-27T04:10:09 UTC">
          <reporter-output>
          </reporter-output>
        </test-method> <!-- LoginTestCase2 -->
        <test-method status="PASS" signature="TearDown()[pri:0, instance:test.LoginTest@578486a3]" name="TearDown" is-config="true" duration-ms="299" started-at="2021-06-27T04:10:09 UTC" finished-at="2021-06-27T04:10:10 UTC">
          <reporter-output>
          </reporter-output>
        </test-method> <!-- TearDown -->
      </class> <!-- test.LoginTest -->
    </test> <!-- Test -->
  </suite> <!-- Suite -->
</testng-results>
